TN:
SF:src/api/employees.js
FN:338,fetchEmployees
FN:346,fetchEmployeeById
FN:359,addEmployeeApi
FN:374,updateEmployeeApi
FN:387,deleteEmployeeApi
FNF:5
FNH:5
FNDA:2,fetchEmployees
FNDA:3,fetchEmployeeById
FNDA:1,addEmployeeApi
FNDA:1,updateEmployeeApi
FNDA:1,deleteEmployeeApi
DA:1,1
DA:2,1
DA:3,1
DA:4,1
DA:5,1
DA:6,1
DA:7,1
DA:8,1
DA:9,1
DA:10,1
DA:11,1
DA:12,1
DA:13,1
DA:14,1
DA:15,1
DA:16,1
DA:17,1
DA:18,1
DA:19,1
DA:20,1
DA:21,1
DA:22,1
DA:23,1
DA:24,1
DA:25,1
DA:26,1
DA:27,1
DA:28,1
DA:29,1
DA:30,1
DA:31,1
DA:32,1
DA:33,1
DA:34,1
DA:35,1
DA:36,1
DA:37,1
DA:38,1
DA:39,1
DA:40,1
DA:41,1
DA:42,1
DA:43,1
DA:44,1
DA:45,1
DA:46,1
DA:47,1
DA:48,1
DA:49,1
DA:50,1
DA:51,1
DA:52,1
DA:53,1
DA:54,1
DA:55,1
DA:56,1
DA:57,1
DA:58,1
DA:59,1
DA:60,1
DA:61,1
DA:62,1
DA:63,1
DA:64,1
DA:65,1
DA:66,1
DA:67,1
DA:68,1
DA:69,1
DA:70,1
DA:71,1
DA:72,1
DA:73,1
DA:74,1
DA:75,1
DA:76,1
DA:77,1
DA:78,1
DA:79,1
DA:80,1
DA:81,1
DA:82,1
DA:83,1
DA:84,1
DA:85,1
DA:86,1
DA:87,1
DA:88,1
DA:89,1
DA:90,1
DA:91,1
DA:92,1
DA:93,1
DA:94,1
DA:95,1
DA:96,1
DA:97,1
DA:98,1
DA:99,1
DA:100,1
DA:101,1
DA:102,1
DA:103,1
DA:104,1
DA:105,1
DA:106,1
DA:107,1
DA:108,1
DA:109,1
DA:110,1
DA:111,1
DA:112,1
DA:113,1
DA:114,1
DA:115,1
DA:116,1
DA:117,1
DA:118,1
DA:119,1
DA:120,1
DA:121,1
DA:122,1
DA:123,1
DA:124,1
DA:125,1
DA:126,1
DA:127,1
DA:128,1
DA:129,1
DA:130,1
DA:131,1
DA:132,1
DA:133,1
DA:134,1
DA:135,1
DA:136,1
DA:137,1
DA:138,1
DA:139,1
DA:140,1
DA:141,1
DA:142,1
DA:143,1
DA:144,1
DA:145,1
DA:146,1
DA:147,1
DA:148,1
DA:149,1
DA:150,1
DA:151,1
DA:152,1
DA:153,1
DA:154,1
DA:155,1
DA:156,1
DA:157,1
DA:158,1
DA:159,1
DA:160,1
DA:161,1
DA:162,1
DA:163,1
DA:164,1
DA:165,1
DA:166,1
DA:167,1
DA:168,1
DA:169,1
DA:170,1
DA:171,1
DA:172,1
DA:173,1
DA:174,1
DA:175,1
DA:176,1
DA:177,1
DA:178,1
DA:179,1
DA:180,1
DA:181,1
DA:182,1
DA:183,1
DA:184,1
DA:185,1
DA:186,1
DA:187,1
DA:188,1
DA:189,1
DA:190,1
DA:191,1
DA:192,1
DA:193,1
DA:194,1
DA:195,1
DA:196,1
DA:197,1
DA:198,1
DA:199,1
DA:200,1
DA:201,1
DA:202,1
DA:203,1
DA:204,1
DA:205,1
DA:206,1
DA:207,1
DA:208,1
DA:209,1
DA:210,1
DA:211,1
DA:212,1
DA:213,1
DA:214,1
DA:215,1
DA:216,1
DA:217,1
DA:218,1
DA:219,1
DA:220,1
DA:221,1
DA:222,1
DA:223,1
DA:224,1
DA:225,1
DA:226,1
DA:227,1
DA:228,1
DA:229,1
DA:230,1
DA:231,1
DA:232,1
DA:233,1
DA:234,1
DA:235,1
DA:236,1
DA:237,1
DA:238,1
DA:239,1
DA:240,1
DA:241,1
DA:242,1
DA:243,1
DA:244,1
DA:245,1
DA:246,1
DA:247,1
DA:248,1
DA:249,1
DA:250,1
DA:251,1
DA:252,1
DA:253,1
DA:254,1
DA:255,1
DA:256,1
DA:257,1
DA:258,1
DA:259,1
DA:260,1
DA:261,1
DA:262,1
DA:263,1
DA:264,1
DA:265,1
DA:266,1
DA:267,1
DA:268,1
DA:269,1
DA:270,1
DA:271,1
DA:272,1
DA:273,1
DA:274,1
DA:275,1
DA:276,1
DA:277,1
DA:278,1
DA:279,1
DA:280,1
DA:281,1
DA:282,1
DA:283,1
DA:284,1
DA:285,1
DA:286,1
DA:287,1
DA:288,1
DA:289,1
DA:290,1
DA:291,1
DA:292,1
DA:293,1
DA:294,1
DA:295,1
DA:296,1
DA:297,1
DA:298,1
DA:299,1
DA:300,1
DA:301,1
DA:302,1
DA:303,1
DA:304,1
DA:305,1
DA:306,1
DA:307,1
DA:308,1
DA:309,1
DA:310,1
DA:311,1
DA:312,1
DA:313,1
DA:314,1
DA:315,1
DA:316,1
DA:317,1
DA:318,1
DA:319,1
DA:320,1
DA:321,1
DA:322,1
DA:323,1
DA:324,1
DA:325,1
DA:326,1
DA:327,1
DA:328,1
DA:329,1
DA:330,1
DA:331,1
DA:332,1
DA:333,1
DA:334,1
DA:335,1
DA:336,1
DA:337,1
DA:338,1
DA:339,1
DA:340,1
DA:341,1
DA:342,1
DA:343,1
DA:344,1
DA:345,1
DA:346,1
DA:347,3
DA:348,3
DA:349,3
DA:350,3
DA:351,3
DA:352,1
DA:353,1
DA:354,1
DA:355,1
DA:356,1
DA:357,1
DA:358,1
DA:359,1
DA:360,1
DA:361,1
DA:362,1
DA:363,1
DA:364,1
DA:365,1
DA:366,1
DA:367,1
DA:368,1
DA:369,1
DA:370,1
DA:371,1
DA:372,1
DA:373,1
DA:374,1
DA:375,1
DA:376,1
DA:377,1
DA:378,1
DA:379,1
DA:380,1
DA:381,1
DA:382,1
DA:383,1
DA:384,1
DA:385,1
DA:386,1
DA:387,1
DA:388,1
DA:389,1
DA:390,1
DA:391,1
DA:392,1
DA:393,1
LF:393
LH:393
BRDA:1,0,0,1
BRDA:338,1,0,2
BRDA:339,2,0,2
BRDA:339,3,0,2
BRDA:346,4,0,3
BRDA:347,5,0,3
BRDA:348,6,0,3
BRDA:350,7,0,2
BRDA:349,8,0,61
BRDA:359,9,0,1
BRDA:360,10,0,1
BRDA:361,11,0,1
BRDA:374,12,0,1
BRDA:375,13,0,1
BRDA:376,14,0,1
BRDA:377,15,0,31
BRDA:377,16,0,31
BRDA:377,17,0,31
BRDA:378,18,0,31
BRDA:387,19,0,1
BRDA:388,20,0,1
BRDA:389,21,0,1
BRDA:390,22,0,31
BRF:23
BRH:23
end_of_record
TN:
SF:src/components/data-grid/data-grid.js
FN:5,<static_initializer>
FN:15,DataGrid
FN:24,isSelected
FN:28,toggleRow
FN:52,render
FNF:5
FNH:5
FNDA:1,<static_initializer>
FNDA:6,DataGrid
FNDA:36,isSelected
FNDA:5,toggleRow
FNDA:9,render
DA:1,1
DA:2,1
DA:3,1
DA:4,1
DA:5,1
DA:6,1
DA:7,1
DA:8,1
DA:9,1
DA:10,1
DA:11,1
DA:12,1
DA:13,1
DA:14,1
DA:15,1
DA:16,6
DA:17,6
DA:18,6
DA:19,6
DA:20,6
DA:21,6
DA:22,6
DA:23,1
DA:24,1
DA:25,36
DA:26,36
DA:27,1
DA:28,1
DA:29,5
DA:30,4
DA:31,4
DA:32,4
DA:33,5
DA:34,3
DA:35,3
DA:36,3
DA:37,5
DA:38,1
DA:39,1
DA:40,4
DA:41,4
DA:42,4
DA:43,4
DA:44,4
DA:45,4
DA:46,4
DA:47,4
DA:48,4
DA:49,4
DA:50,5
DA:51,1
DA:52,1
DA:53,9
DA:54,9
DA:55,9
DA:56,9
DA:57,18
DA:58,18
DA:59,18
DA:60,18
DA:61,18
DA:62,18
DA:63,14
DA:64,14
DA:65,14
DA:66,14
DA:67,14
DA:68,14
DA:69,14
DA:70,14
DA:71,14
DA:72,14
DA:73,14
DA:74,14
DA:75,14
DA:76,14
DA:77,18
DA:78,18
DA:79,18
DA:80,18
DA:81,36
DA:82,36
DA:83,36
DA:84,36
DA:85,36
DA:86,36
DA:87,36
DA:88,36
DA:89,36
DA:90,18
DA:91,18
DA:92,18
DA:93,18
DA:94,9
DA:95,9
DA:96,9
DA:97,9
DA:98,1
DA:99,1
DA:100,1
LF:100
LH:100
BRDA:1,0,0,1
BRDA:5,1,0,1
BRDA:15,2,0,6
BRDA:24,3,0,36
BRDA:28,4,0,5
BRDA:29,5,0,1
BRDA:30,6,0,4
BRDA:33,7,0,3
BRDA:35,8,0,1
BRDA:36,9,0,2
BRDA:37,10,0,1
BRDA:38,11,0,0
BRDA:40,12,0,4
BRDA:35,13,0,1
BRDA:52,14,0,9
BRDA:56,15,0,18
BRDA:58,16,0,2
BRDA:58,17,0,16
BRDA:62,18,0,14
BRDA:68,19,0,10
BRDA:68,20,0,4
BRDA:77,21,0,4
BRDA:59,22,0,5
BRDA:80,23,0,36
BRDA:83,24,0,0
BRDA:86,25,0,0
BRF:26
BRH:23
end_of_record
TN:
SF:src/components/data-grid/data-grid.styles.js
FNF:0
FNH:0
DA:1,1
DA:2,1
DA:3,1
DA:4,1
DA:5,1
DA:6,1
DA:7,1
DA:8,1
DA:9,1
DA:10,1
DA:11,1
DA:12,1
DA:13,1
DA:14,1
DA:15,1
DA:16,1
DA:17,1
DA:18,1
DA:19,1
DA:20,1
DA:21,1
DA:22,1
DA:23,1
DA:24,1
DA:25,1
DA:26,1
DA:27,1
DA:28,1
DA:29,1
DA:30,1
DA:31,1
DA:32,1
DA:33,1
DA:34,1
DA:35,1
DA:36,1
DA:37,1
DA:38,1
DA:39,1
DA:40,1
DA:41,1
DA:42,1
DA:43,1
DA:44,1
DA:45,1
DA:46,1
DA:47,1
DA:48,1
DA:49,1
DA:50,1
DA:51,1
DA:52,1
DA:53,1
DA:54,1
DA:55,1
DA:56,1
DA:57,1
DA:58,1
DA:59,1
DA:60,1
DA:61,1
DA:62,1
DA:63,1
DA:64,1
DA:65,1
DA:66,1
DA:67,1
DA:68,1
DA:69,1
DA:70,1
DA:71,1
DA:72,1
DA:73,1
DA:74,1
LF:74
LH:74
BRDA:1,0,0,1
BRF:1
BRH:1
end_of_record
TN:
SF:src/components/data-table/data-table.js
FN:5,<static_initializer>
FN:15,DataTable
FN:24,isSelected
FN:28,_dispatchSelectionChanged
FN:38,toggleRow
FN:52,toggleSelectAll
FN:59,renderHeader
FN:85,renderBody
FN:122,render
FNF:9
FNH:9
FNDA:1,<static_initializer>
FNDA:5,DataTable
FNDA:33,isSelected
FNDA:4,_dispatchSelectionChanged
FNDA:3,toggleRow
FNDA:1,toggleSelectAll
FNDA:8,renderHeader
FNDA:8,renderBody
FNDA:8,render
DA:1,1
DA:2,1
DA:3,1
DA:4,1
DA:5,1
DA:6,1
DA:7,1
DA:8,1
DA:9,1
DA:10,1
DA:11,1
DA:12,1
DA:13,1
DA:14,1
DA:15,1
DA:16,5
DA:17,5
DA:18,5
DA:19,5
DA:20,5
DA:21,5
DA:22,5
DA:23,1
DA:24,1
DA:25,33
DA:26,33
DA:27,1
DA:28,1
DA:29,4
DA:30,4
DA:31,4
DA:32,4
DA:33,4
DA:34,4
DA:35,4
DA:36,4
DA:37,1
DA:38,1
DA:39,3
DA:40,3
DA:41,3
DA:42,3
DA:43,3
DA:44,3
DA:45,3
DA:46,0
DA:47,0
DA:48,3
DA:49,3
DA:50,3
DA:51,1
DA:52,1
DA:53,1
DA:54,1
DA:55,1
DA:56,1
DA:57,1
DA:58,1
DA:59,1
DA:60,8
DA:61,8
DA:62,8
DA:63,8
DA:64,8
DA:65,7
DA:66,7
DA:67,7
DA:68,7
DA:69,7
DA:70,7
DA:71,7
DA:72,7
DA:73,7
DA:74,7
DA:75,7
DA:76,8
DA:77,8
DA:78,8
DA:79,8
DA:80,8
DA:81,8
DA:82,8
DA:83,8
DA:84,1
DA:85,1
DA:86,8
DA:87,8
DA:88,8
DA:89,8
DA:90,16
DA:91,16
DA:92,16
DA:93,16
DA:94,16
DA:95,16
DA:96,14
DA:97,14
DA:98,14
DA:99,14
DA:100,14
DA:101,14
DA:102,14
DA:103,14
DA:104,14
DA:105,14
DA:106,14
DA:107,14
DA:108,16
DA:109,16
DA:110,16
DA:111,32
DA:112,32
DA:113,32
DA:114,16
DA:115,16
DA:116,16
DA:117,8
DA:118,8
DA:119,8
DA:120,8
DA:121,1
DA:122,1
DA:123,8
DA:124,8
DA:125,8
DA:126,8
DA:127,8
DA:128,8
DA:129,8
DA:130,8
DA:131,8
DA:132,8
DA:133,8
DA:134,1
DA:135,1
DA:136,1
LF:136
LH:134
BRDA:1,0,0,1
BRDA:5,1,0,1
BRDA:15,2,0,5
BRDA:24,3,0,33
BRDA:28,4,0,4
BRDA:38,5,0,3
BRDA:39,6,0,0
BRDA:43,7,0,1
BRDA:44,8,0,2
BRDA:45,9,0,0
BRDA:43,10,0,1
BRDA:52,11,0,1
BRDA:53,12,0,0
BRDA:55,13,0,0
BRDA:59,14,0,8
BRDA:64,15,0,7
BRDA:70,16,0,1
BRDA:74,17,0,0
BRDA:76,18,0,1
BRDA:78,19,0,16
BRDA:85,20,0,8
BRDA:89,21,0,16
BRDA:91,22,0,3
BRDA:91,23,0,13
BRDA:95,24,0,14
BRDA:101,25,0,0
BRDA:108,26,0,2
BRDA:92,27,0,3
BRDA:110,28,0,32
BRDA:112,29,0,0
BRDA:122,30,0,8
BRF:31
BRH:24
end_of_record
TN:
SF:src/components/data-table/data-table.styles.js
FNF:0
FNH:0
DA:1,1
DA:2,1
DA:3,1
DA:4,1
DA:5,1
DA:6,1
DA:7,1
DA:8,1
DA:9,1
DA:10,1
DA:11,1
DA:12,1
DA:13,1
DA:14,1
DA:15,1
DA:16,1
DA:17,1
DA:18,1
DA:19,1
DA:20,1
DA:21,1
DA:22,1
DA:23,1
DA:24,1
DA:25,1
DA:26,1
DA:27,1
DA:28,1
DA:29,1
DA:30,1
DA:31,1
DA:32,1
DA:33,1
DA:34,1
DA:35,1
DA:36,1
DA:37,1
DA:38,1
DA:39,1
DA:40,1
DA:41,1
DA:42,1
DA:43,1
DA:44,1
DA:45,1
DA:46,1
DA:47,1
DA:48,1
DA:49,1
DA:50,1
DA:51,1
DA:52,1
DA:53,1
DA:54,1
DA:55,1
DA:56,1
DA:57,1
DA:58,1
DA:59,1
DA:60,1
DA:61,1
DA:62,1
DA:63,1
DA:64,1
DA:65,1
DA:66,1
DA:67,1
DA:68,1
DA:69,1
DA:70,1
DA:71,1
DA:72,1
DA:73,1
DA:74,1
DA:75,1
DA:76,1
DA:77,1
DA:78,1
LF:78
LH:78
BRDA:1,0,0,1
BRF:1
BRH:1
end_of_record
TN:
SF:src/components/employee-form/employee-form.js
FN:7,get properties
FN:16,<static_initializer>
FN:18,EmployeeForm
FN:28,connectedCallback
FN:39,disconnectedCallback
FN:44,loadTranslations
FN:49,validate
FN:91,<instance_members_initializer>
FN:91,handlePhoneInput
FN:95,handleSubmit
FN:111,render
FN:218,renderInput
FNF:12
FNH:12
FNDA:1,get properties
FNDA:1,<static_initializer>
FNDA:5,EmployeeForm
FNDA:5,connectedCallback
FNDA:5,disconnectedCallback
FNDA:5,loadTranslations
FNDA:2,validate
FNDA:5,<instance_members_initializer>
FNDA:1,handlePhoneInput
FNDA:2,handleSubmit
FNDA:17,render
FNDA:119,renderInput
DA:1,1
DA:2,1
DA:3,1
DA:4,1
DA:5,1
DA:6,1
DA:7,1
DA:8,1
DA:9,1
DA:10,1
DA:11,1
DA:12,1
DA:13,1
DA:14,1
DA:15,1
DA:16,1
DA:17,1
DA:18,1
DA:19,5
DA:20,5
DA:21,5
DA:22,5
DA:23,5
DA:24,5
DA:25,5
DA:26,5
DA:27,1
DA:28,1
DA:29,5
DA:30,5
DA:31,5
DA:32,5
DA:33,5
DA:34,5
DA:35,5
DA:36,5
DA:37,5
DA:38,1
DA:39,1
DA:40,5
DA:41,5
DA:42,5
DA:43,1
DA:44,1
DA:45,5
DA:46,5
DA:47,5
DA:48,1
DA:49,1
DA:50,2
DA:51,2
DA:52,2
DA:53,1
DA:54,2
DA:55,2
DA:56,1
DA:57,2
DA:58,2
DA:59,1
DA:60,1
DA:61,2
DA:62,2
DA:63,1
DA:64,2
DA:65,2
DA:66,2
DA:67,2
DA:68,2
DA:69,1
DA:70,1
DA:71,1
DA:72,2
DA:73,2
DA:74,2
DA:75,1
DA:76,1
DA:77,1
DA:78,2
DA:79,2
DA:80,2
DA:81,1
DA:82,2
DA:83,2
DA:84,1
DA:85,2
DA:86,2
DA:87,2
DA:88,2
DA:89,2
DA:90,1
DA:91,1
DA:92,1
DA:93,1
DA:94,1
DA:95,1
DA:96,2
DA:97,2
DA:98,2
DA:99,2
DA:100,2
DA:101,1
DA:102,1
DA:103,1
DA:104,1
DA:105,1
DA:106,1
DA:107,1
DA:108,1
DA:109,2
DA:110,1
DA:111,1
DA:112,17
DA:113,17
DA:114,10
DA:115,10
DA:116,17
DA:117,17
DA:118,17
DA:119,17
DA:120,17
DA:121,17
DA:122,17
DA:123,17
DA:124,17
DA:125,17
DA:126,17
DA:127,17
DA:128,17
DA:129,17
DA:130,17
DA:131,17
DA:132,17
DA:133,17
DA:134,17
DA:135,17
DA:136,17
DA:137,17
DA:138,17
DA:139,17
DA:140,17
DA:141,17
DA:142,17
DA:143,17
DA:144,17
DA:145,17
DA:146,17
DA:147,17
DA:148,17
DA:149,17
DA:150,17
DA:151,17
DA:152,17
DA:153,17
DA:154,17
DA:155,17
DA:156,17
DA:157,17
DA:158,17
DA:159,17
DA:160,17
DA:161,17
DA:162,17
DA:163,17
DA:164,17
DA:165,17
DA:166,17
DA:167,51
DA:168,51
DA:169,51
DA:170,17
DA:171,17
DA:172,17
DA:173,17
DA:174,17
DA:175,17
DA:176,17
DA:177,17
DA:178,17
DA:179,17
DA:180,17
DA:181,17
DA:182,17
DA:183,17
DA:184,17
DA:185,17
DA:186,17
DA:187,17
DA:188,17
DA:189,17
DA:190,17
DA:191,17
DA:192,17
DA:193,17
DA:194,17
DA:195,17
DA:196,17
DA:197,17
DA:198,17
DA:199,17
DA:200,17
DA:201,17
DA:202,17
DA:203,17
DA:204,17
DA:205,17
DA:206,17
DA:207,17
DA:208,17
DA:209,17
DA:210,17
DA:211,17
DA:212,17
DA:213,17
DA:214,17
DA:215,17
DA:216,17
DA:217,1
DA:218,1
DA:219,119
DA:220,119
DA:221,119
DA:222,119
DA:223,119
DA:224,119
DA:225,119
DA:226,119
DA:227,119
DA:228,119
DA:229,119
DA:230,119
DA:231,119
DA:232,119
DA:233,119
DA:234,119
DA:235,119
DA:236,119
DA:237,1
DA:238,1
DA:239,1
LF:239
LH:239
BRDA:1,0,0,1
BRDA:7,1,0,1
BRDA:16,2,0,1
BRDA:18,3,0,5
BRDA:28,4,0,5
BRDA:39,5,0,5
BRDA:44,6,0,5
BRDA:49,7,0,2
BRDA:52,8,0,1
BRDA:55,9,0,1
BRDA:58,10,0,1
BRDA:62,11,0,1
BRDA:65,12,0,1
BRDA:68,13,0,1
BRDA:71,14,0,0
BRDA:74,15,0,1
BRDA:77,16,0,0
BRDA:80,17,0,1
BRDA:83,18,0,1
BRDA:91,19,0,5
BRDA:91,20,0,5
BRDA:95,21,0,2
BRDA:100,22,0,1
BRDA:111,23,0,17
BRDA:113,24,0,10
BRDA:116,25,0,0
BRDA:173,26,0,3
BRDA:174,27,0,14
BRDA:166,28,0,51
BRDA:218,29,0,119
BRDA:226,30,0,0
BRDA:229,31,0,17
BRDA:229,32,0,102
BRDA:232,33,0,21
BRDA:233,34,0,98
BRF:35
BRH:31
end_of_record
TN:
SF:src/components/employee-form/employee-form.styles.js
FNF:0
FNH:0
DA:1,1
DA:2,1
DA:3,1
DA:4,1
DA:5,1
DA:6,1
DA:7,1
DA:8,1
DA:9,1
DA:10,1
DA:11,1
DA:12,1
DA:13,1
DA:14,1
DA:15,1
DA:16,1
DA:17,1
DA:18,1
DA:19,1
DA:20,1
DA:21,1
DA:22,1
DA:23,1
DA:24,1
DA:25,1
DA:26,1
DA:27,1
DA:28,1
DA:29,1
DA:30,1
DA:31,1
DA:32,1
DA:33,1
DA:34,1
DA:35,1
DA:36,1
DA:37,1
DA:38,1
DA:39,1
DA:40,1
DA:41,1
DA:42,1
DA:43,1
DA:44,1
DA:45,1
DA:46,1
DA:47,1
DA:48,1
DA:49,1
DA:50,1
DA:51,1
DA:52,1
DA:53,1
DA:54,1
DA:55,1
DA:56,1
DA:57,1
DA:58,1
DA:59,1
DA:60,1
DA:61,1
DA:62,1
DA:63,1
DA:64,1
DA:65,1
DA:66,1
LF:66
LH:66
BRDA:1,0,0,1
BRF:1
BRH:1
end_of_record
TN:
SF:src/components/language-switcher/language-switcher.js
FN:9,<static_initializer>
FN:15,<instance_members_initializer>
FN:15,#onLangChanged
FN:19,LanguageSwitcher
FN:26,connectedCallback
FN:32,disconnectedCallback
FN:37,toggleLanguage
FN:44,render
FNF:8
FNH:8
FNDA:2,<static_initializer>
FNDA:4,<instance_members_initializer>
FNDA:1,#onLangChanged
FNDA:4,LanguageSwitcher
FNDA:4,connectedCallback
FNDA:4,disconnectedCallback
FNDA:1,toggleLanguage
FNDA:5,render
DA:1,2
DA:2,2
DA:3,2
DA:4,2
DA:5,2
DA:6,2
DA:7,2
DA:8,2
DA:9,2
DA:10,2
DA:11,2
DA:12,2
DA:13,2
DA:14,2
DA:15,2
DA:16,1
DA:17,2
DA:18,2
DA:19,2
DA:20,4
DA:21,4
DA:22,4
DA:23,4
DA:24,4
DA:25,2
DA:26,2
DA:27,4
DA:28,4
DA:29,4
DA:30,4
DA:31,2
DA:32,2
DA:33,4
DA:34,4
DA:35,4
DA:36,2
DA:37,2
DA:38,1
DA:39,1
DA:40,1
DA:41,1
DA:42,1
DA:43,2
DA:44,2
DA:45,5
DA:46,5
DA:47,5
DA:48,5
DA:49,5
DA:50,5
DA:51,5
DA:52,5
DA:53,5
DA:54,5
DA:55,5
DA:56,5
DA:57,5
DA:58,2
DA:59,2
DA:60,2
LF:60
LH:60
BRDA:1,0,0,2
BRDA:9,1,0,2
BRDA:15,2,0,4
BRDA:19,3,0,4
BRDA:26,4,0,4
BRDA:32,5,0,4
BRDA:44,6,0,5
BRDA:45,7,0,2
BRDA:15,8,0,4
BRDA:37,9,0,2
BRDA:45,10,0,3
BRF:11
BRH:11
end_of_record
TN:
SF:src/components/language-switcher/language-switcher.styles.js
FNF:0
FNH:0
DA:1,2
DA:2,2
DA:3,2
DA:4,2
DA:5,2
DA:6,2
DA:7,2
DA:8,2
DA:9,2
DA:10,2
DA:11,2
DA:12,2
DA:13,2
DA:14,2
LF:14
LH:14
BRDA:1,0,0,2
BRF:1
BRH:1
end_of_record
TN:
SF:src/components/modal-dialog/modal-dialog.js
FN:5,<static_initializer>
FN:12,ModalDialog
FN:19,connectedCallback
FN:24,disconnectedCallback
FN:29,_handleKeydown
FN:35,close
FN:42,_onBackdropClick
FN:48,render
FNF:8
FNH:8
FNDA:1,<static_initializer>
FNDA:6,ModalDialog
FNDA:6,connectedCallback
FNDA:6,disconnectedCallback
FNDA:1,_handleKeydown
FNDA:3,close
FNDA:3,_onBackdropClick
FNDA:9,render
DA:1,1
DA:2,1
DA:3,1
DA:4,1
DA:5,1
DA:6,1
DA:7,1
DA:8,1
DA:9,1
DA:10,1
DA:11,1
DA:12,1
DA:13,6
DA:14,6
DA:15,6
DA:16,6
DA:17,6
DA:18,1
DA:19,1
DA:20,6
DA:21,6
DA:22,6
DA:23,1
DA:24,1
DA:25,6
DA:26,6
DA:27,6
DA:28,1
DA:29,1
DA:30,1
DA:31,1
DA:32,1
DA:33,1
DA:34,1
DA:35,1
DA:36,3
DA:37,3
DA:38,3
DA:39,3
DA:40,3
DA:41,1
DA:42,1
DA:43,3
DA:44,1
DA:45,1
DA:46,3
DA:47,1
DA:48,1
DA:49,9
DA:50,9
DA:51,9
DA:52,9
DA:53,9
DA:54,9
DA:55,9
DA:56,9
DA:57,9
DA:58,9
DA:59,9
DA:60,9
DA:61,9
DA:62,9
DA:63,9
DA:64,9
DA:65,9
DA:66,9
DA:67,9
DA:68,9
DA:69,9
DA:70,9
DA:71,9
DA:72,9
DA:73,1
DA:74,1
DA:75,1
LF:75
LH:75
BRDA:1,0,0,1
BRDA:5,1,0,1
BRDA:12,2,0,6
BRDA:19,3,0,6
BRDA:24,4,0,6
BRDA:29,5,0,1
BRDA:35,6,0,3
BRDA:42,7,0,3
BRDA:43,8,0,1
BRDA:48,9,0,9
BRF:10
BRH:10
end_of_record
TN:
SF:src/components/modal-dialog/modal-dialog.styles.js
FNF:0
FNH:0
DA:1,1
DA:2,1
DA:3,1
DA:4,1
DA:5,1
DA:6,1
DA:7,1
DA:8,1
DA:9,1
DA:10,1
DA:11,1
DA:12,1
DA:13,1
DA:14,1
DA:15,1
DA:16,1
DA:17,1
DA:18,1
DA:19,1
DA:20,1
DA:21,1
DA:22,1
DA:23,1
DA:24,1
DA:25,1
DA:26,1
DA:27,1
DA:28,1
DA:29,1
DA:30,1
DA:31,1
DA:32,1
DA:33,1
DA:34,1
DA:35,1
DA:36,1
DA:37,1
DA:38,1
DA:39,1
DA:40,1
DA:41,1
DA:42,1
DA:43,1
DA:44,1
DA:45,1
DA:46,1
DA:47,1
DA:48,1
DA:49,1
DA:50,1
DA:51,1
DA:52,1
DA:53,1
DA:54,1
DA:55,1
DA:56,1
DA:57,1
DA:58,1
DA:59,1
DA:60,1
DA:61,1
DA:62,1
DA:63,1
DA:64,1
DA:65,1
DA:66,1
DA:67,1
DA:68,1
DA:69,1
DA:70,1
DA:71,1
DA:72,1
DA:73,1
DA:74,1
DA:75,1
DA:76,1
DA:77,1
DA:78,1
DA:79,1
DA:80,1
DA:81,1
LF:81
LH:81
BRDA:1,0,0,1
BRF:1
BRH:1
end_of_record
TN:
SF:src/components/pagination-controls/pagination-controls.js
FN:5,<static_initializer>
FN:13,PaginationControls
FN:20,get totalPages
FN:24,changePage
FN:35,render
FNF:5
FNH:5
FNDA:1,<static_initializer>
FNDA:8,PaginationControls
FNDA:9,get totalPages
FNDA:2,changePage
FNDA:8,render
DA:1,1
DA:2,1
DA:3,1
DA:4,1
DA:5,1
DA:6,1
DA:7,1
DA:8,1
DA:9,1
DA:10,1
DA:11,1
DA:12,1
DA:13,1
DA:14,8
DA:15,8
DA:16,8
DA:17,8
DA:18,8
DA:19,1
DA:20,1
DA:21,9
DA:22,9
DA:23,1
DA:24,1
DA:25,2
DA:26,1
DA:27,1
DA:28,1
DA:29,1
DA:30,1
DA:31,1
DA:32,1
DA:33,2
DA:34,1
DA:35,1
DA:36,8
DA:37,8
DA:38,8
DA:39,8
DA:40,8
DA:41,8
DA:42,8
DA:43,6
DA:44,23
DA:45,23
DA:46,8
DA:47,2
DA:48,1
DA:49,4
DA:50,4
DA:51,1
DA:52,2
DA:53,1
DA:54,1
DA:55,4
DA:56,4
DA:57,1
DA:58,0
DA:59,0
DA:60,0
DA:61,0
DA:62,0
DA:63,0
DA:64,2
DA:65,2
DA:66,2
DA:67,8
DA:68,8
DA:69,8
DA:70,8
DA:71,8
DA:72,8
DA:73,8
DA:74,8
DA:75,8
DA:76,8
DA:77,8
DA:78,8
DA:79,8
DA:80,8
DA:81,8
DA:82,8
DA:83,8
DA:84,8
DA:85,8
DA:86,8
DA:87,8
DA:88,8
DA:89,8
DA:90,8
DA:91,8
DA:92,8
DA:93,43
DA:94,43
DA:95,43
DA:96,41
DA:97,41
DA:98,41
DA:99,41
DA:100,41
DA:101,41
DA:102,41
DA:103,8
DA:104,8
DA:105,8
DA:106,8
DA:107,8
DA:108,8
DA:109,8
DA:110,8
DA:111,8
DA:112,8
DA:113,8
DA:114,8
DA:115,8
DA:116,8
DA:117,8
DA:118,8
DA:119,8
DA:120,8
DA:121,8
DA:122,8
DA:123,8
DA:124,8
DA:125,8
DA:126,8
DA:127,8
DA:128,8
DA:129,8
DA:130,1
DA:131,1
DA:132,1
LF:132
LH:126
BRDA:1,0,0,1
BRDA:5,1,0,1
BRDA:13,2,0,8
BRDA:20,3,0,9
BRDA:24,4,0,2
BRDA:25,5,0,1
BRDA:25,6,0,1
BRDA:25,7,0,1
BRDA:35,8,0,8
BRDA:42,9,0,6
BRDA:43,10,0,23
BRDA:46,11,0,2
BRDA:47,12,0,1
BRDA:48,13,0,4
BRDA:52,14,0,1
BRDA:54,15,0,4
BRDA:57,16,0,0
BRDA:92,17,0,43
BRDA:94,18,0,2
BRDA:95,19,0,41
BRDA:97,20,0,8
BRDA:97,21,0,33
BRDA:98,22,0,2
BRF:23
BRH:22
end_of_record
TN:
SF:src/components/pagination-controls/pagination-controls.styles.js
FNF:0
FNH:0
DA:1,1
DA:2,1
DA:3,1
DA:4,1
DA:5,1
DA:6,1
DA:7,1
DA:8,1
DA:9,1
DA:10,1
DA:11,1
DA:12,1
DA:13,1
DA:14,1
DA:15,1
DA:16,1
DA:17,1
DA:18,1
DA:19,1
DA:20,1
DA:21,1
DA:22,1
DA:23,1
DA:24,1
DA:25,1
DA:26,1
DA:27,1
DA:28,1
DA:29,1
DA:30,1
DA:31,1
DA:32,1
DA:33,1
DA:34,1
DA:35,1
DA:36,1
DA:37,1
DA:38,1
DA:39,1
DA:40,1
DA:41,1
DA:42,1
DA:43,1
DA:44,1
LF:44
LH:44
BRDA:1,0,0,1
BRF:1
BRH:1
end_of_record
TN:
SF:src/layouts/main-layout/main-layout.js
FN:7,<static_initializer>
FN:15,MainLayout
FN:22,connectedCallback
FN:26,_onPopState
FN:38,disconnectedCallback
FN:44,loadTranslations
FN:48,render
FN:50,hover
FNF:8
FNH:7
FNDA:1,<static_initializer>
FNDA:1,MainLayout
FNDA:1,connectedCallback
FNDA:0,_onPopState
FNDA:1,disconnectedCallback
FNDA:1,loadTranslations
FNDA:2,render
FNDA:4,hover
DA:1,1
DA:2,1
DA:3,1
DA:4,1
DA:5,1
DA:6,1
DA:7,1
DA:8,1
DA:9,1
DA:10,1
DA:11,1
DA:12,1
DA:13,1
DA:14,1
DA:15,1
DA:16,1
DA:17,1
DA:18,1
DA:19,1
DA:20,1
DA:21,1
DA:22,1
DA:23,1
DA:24,1
DA:25,1
DA:26,1
DA:27,0
DA:28,1
DA:29,1
DA:30,1
DA:31,1
DA:32,1
DA:33,1
DA:34,1
DA:35,1
DA:36,1
DA:37,1
DA:38,1
DA:39,1
DA:40,1
DA:41,1
DA:42,1
DA:43,1
DA:44,1
DA:45,1
DA:46,1
DA:47,1
DA:48,1
DA:49,2
DA:50,2
DA:51,2
DA:52,2
DA:53,2
DA:54,2
DA:55,2
DA:56,2
DA:57,2
DA:58,2
DA:59,2
DA:60,2
DA:61,2
DA:62,2
DA:63,2
DA:64,2
DA:65,2
DA:66,2
DA:67,2
DA:68,2
DA:69,2
DA:70,2
DA:71,2
DA:72,2
DA:73,2
DA:74,2
DA:75,2
DA:76,2
DA:77,2
DA:78,2
DA:79,2
DA:80,2
DA:81,2
DA:82,2
DA:83,2
DA:84,2
DA:85,1
DA:86,1
DA:87,1
LF:87
LH:86
BRDA:1,0,0,1
BRDA:7,1,0,1
BRDA:15,2,0,1
BRDA:22,3,0,1
BRDA:38,4,0,1
BRDA:44,5,0,1
BRDA:48,6,0,2
BRDA:49,7,0,0
BRDA:50,8,0,4
BRDA:50,9,0,4
BRF:10
BRH:9
end_of_record
TN:
SF:src/layouts/main-layout/main-layout.styles.js
FNF:0
FNH:0
DA:1,1
DA:2,1
DA:3,1
DA:4,1
DA:5,1
DA:6,1
DA:7,1
DA:8,1
DA:9,1
DA:10,1
DA:11,1
DA:12,1
DA:13,1
DA:14,1
DA:15,1
DA:16,1
DA:17,1
DA:18,1
DA:19,1
DA:20,1
DA:21,1
DA:22,1
DA:23,1
DA:24,1
DA:25,1
DA:26,1
DA:27,1
DA:28,1
DA:29,1
DA:30,1
DA:31,1
DA:32,1
DA:33,1
DA:34,1
DA:35,1
DA:36,1
DA:37,1
DA:38,1
DA:39,1
DA:40,1
DA:41,1
DA:42,1
DA:43,1
DA:44,1
DA:45,1
DA:46,1
DA:47,1
DA:48,1
DA:49,1
DA:50,1
DA:51,1
DA:52,1
DA:53,1
DA:54,1
DA:55,1
DA:56,1
DA:57,1
DA:58,1
DA:59,1
LF:59
LH:59
BRDA:1,0,0,1
BRF:1
BRH:1
end_of_record
TN:
SF:src/localization/index.js
FN:9,setLang
FN:19,getCurrentLang
FN:29,loadJsonFile
FN:47,getNestedValue
FN:60,interpolate
FN:73,t
FNF:6
FNH:6
FNDA:1,setLang
FNDA:21,getCurrentLang
FNDA:16,loadJsonFile
FNDA:13,getNestedValue
FNDA:12,interpolate
FNDA:13,t
DA:1,4
DA:2,4
DA:3,4
DA:4,4
DA:5,4
DA:6,4
DA:7,4
DA:8,4
DA:9,4
DA:10,1
DA:11,1
DA:12,1
DA:13,1
DA:14,4
DA:15,4
DA:16,4
DA:17,4
DA:18,4
DA:19,4
DA:20,21
DA:21,21
DA:22,4
DA:23,4
DA:24,4
DA:25,4
DA:26,4
DA:27,4
DA:28,4
DA:29,4
DA:30,16
DA:31,16
DA:32,13
DA:33,13
DA:34,13
DA:35,16
DA:36,12
DA:37,12
DA:38,12
DA:39,16
DA:40,4
DA:41,4
DA:42,4
DA:43,4
DA:44,4
DA:45,4
DA:46,4
DA:47,13
DA:48,13
DA:49,3
DA:50,5
DA:51,4
DA:52,3
DA:53,13
DA:54,4
DA:55,4
DA:56,4
DA:57,4
DA:58,4
DA:59,4
DA:60,12
DA:61,12
DA:62,2
DA:63,2
DA:64,12
DA:65,4
DA:66,4
DA:67,4
DA:68,4
DA:69,4
DA:70,4
DA:71,4
DA:72,4
DA:73,4
DA:74,13
DA:75,13
DA:76,13
DA:77,13
DA:78,13
DA:79,13
DA:80,13
LF:80
LH:80
BRDA:1,0,0,4
BRDA:19,1,0,21
BRDA:9,2,0,4
BRDA:20,3,0,20
BRDA:20,4,0,19
BRDA:29,5,0,18
BRDA:31,6,0,5
BRDA:32,7,0,15
BRDA:35,8,0,3
BRDA:36,9,0,14
BRDA:47,10,0,15
BRDA:48,11,0,12
BRDA:49,12,0,7
BRDA:50,13,0,3
BRDA:51,14,0,6
BRDA:60,15,0,14
BRDA:61,16,0,12
BRDA:62,17,0,2
BRDA:73,18,0,15
BRDA:79,19,0,14
BRDA:79,20,0,3
BRDA:49,21,0,5
BRDA:62,22,0,4
BRF:23
BRH:23
end_of_record
TN:
SF:src/utils/formatPhone.js
FN:6,formatPhone
FNF:1
FNH:1
FNDA:26,formatPhone
DA:1,2
DA:2,2
DA:3,2
DA:4,2
DA:5,2
DA:6,2
DA:7,26
DA:8,26
DA:9,26
DA:10,26
DA:11,26
DA:12,26
DA:13,26
DA:14,26
LF:14
LH:14
BRDA:1,0,0,2
BRDA:6,1,0,26
BRDA:7,2,0,3
BRDA:9,3,0,23
BRDA:10,4,0,20
BRDA:11,5,0,17
BRDA:12,6,0,15
BRF:7
BRH:7
end_of_record
