TN:
SF:src/components/language-switcher/language-switcher.js
FN:8,<static_initializer>
FN:27,LanguageSwitcher
FN:34,connectedCallback
FN:40,disconnectedCallback
FN:45,<instance_members_initializer>
FN:45,_onLangChanged
FN:49,toggleLanguage
FN:54,render
FNF:8
FNH:8
FNDA:2,<static_initializer>
FNDA:4,LanguageSwitcher
FNDA:4,connectedCallback
FNDA:4,disconnectedCallback
FNDA:4,<instance_members_initializer>
FNDA:1,_onLangChanged
FNDA:1,toggleLanguage
FNDA:5,render
DA:1,2
DA:2,2
DA:3,2
DA:4,2
DA:5,2
DA:6,2
DA:7,2
DA:8,2
DA:9,2
DA:10,2
DA:11,2
DA:12,2
DA:13,2
DA:14,2
DA:15,2
DA:16,2
DA:17,2
DA:18,2
DA:19,2
DA:20,2
DA:21,2
DA:22,2
DA:23,2
DA:24,2
DA:25,2
DA:26,2
DA:27,2
DA:28,4
DA:29,4
DA:30,4
DA:31,4
DA:32,4
DA:33,2
DA:34,2
DA:35,4
DA:36,4
DA:37,4
DA:38,4
DA:39,2
DA:40,2
DA:41,4
DA:42,4
DA:43,4
DA:44,2
DA:45,2
DA:46,1
DA:47,2
DA:48,2
DA:49,2
DA:50,1
DA:51,1
DA:52,1
DA:53,2
DA:54,2
DA:55,5
DA:56,5
DA:57,5
DA:58,5
DA:59,5
DA:60,5
DA:61,5
DA:62,5
DA:63,5
DA:64,5
DA:65,5
DA:66,2
DA:67,2
DA:68,2
LF:68
LH:68
BRDA:1,0,0,2
BRDA:8,1,0,2
BRDA:27,2,0,4
BRDA:34,3,0,4
BRDA:40,4,0,4
BRDA:45,5,0,4
BRDA:54,6,0,5
BRDA:58,7,0,2
BRDA:45,8,0,4
BRDA:49,9,0,2
BRDA:50,10,0,1
BRDA:58,11,0,3
BRF:12
BRH:12
end_of_record
TN:
SF:src/layouts/main-layout.js
FN:6,<static_initializer>
FN:57,MainLayout
FN:63,connectedCallback
FN:74,disconnectedCallback
FN:79,loadTranslations
FN:83,render
FN:86,hover
FNF:7
FNH:7
FNDA:1,<static_initializer>
FNDA:1,MainLayout
FNDA:1,connectedCallback
FNDA:1,disconnectedCallback
FNDA:1,loadTranslations
FNDA:2,render
FNDA:4,hover
DA:1,1
DA:2,1
DA:3,1
DA:4,1
DA:5,1
DA:6,1
DA:7,1
DA:8,1
DA:9,1
DA:10,1
DA:11,1
DA:12,1
DA:13,1
DA:14,1
DA:15,1
DA:16,1
DA:17,1
DA:18,1
DA:19,1
DA:20,1
DA:21,1
DA:22,1
DA:23,1
DA:24,1
DA:25,1
DA:26,1
DA:27,1
DA:28,1
DA:29,1
DA:30,1
DA:31,1
DA:32,1
DA:33,1
DA:34,1
DA:35,1
DA:36,1
DA:37,1
DA:38,1
DA:39,1
DA:40,1
DA:41,1
DA:42,1
DA:43,1
DA:44,1
DA:45,1
DA:46,1
DA:47,1
DA:48,1
DA:49,1
DA:50,1
DA:51,1
DA:52,1
DA:53,1
DA:54,1
DA:55,1
DA:56,1
DA:57,1
DA:58,1
DA:59,1
DA:60,1
DA:61,1
DA:62,1
DA:63,1
DA:64,1
DA:65,1
DA:66,1
DA:67,1
DA:68,1
DA:69,1
DA:70,1
DA:71,1
DA:72,1
DA:73,1
DA:74,1
DA:75,1
DA:76,1
DA:77,1
DA:78,1
DA:79,1
DA:80,1
DA:81,1
DA:82,1
DA:83,1
DA:84,2
DA:85,2
DA:86,2
DA:87,2
DA:88,2
DA:89,2
DA:90,2
DA:91,2
DA:92,2
DA:93,2
DA:94,2
DA:95,2
DA:96,2
DA:97,2
DA:98,2
DA:99,2
DA:100,2
DA:101,2
DA:102,2
DA:103,2
DA:104,2
DA:105,2
DA:106,2
DA:107,2
DA:108,2
DA:109,2
DA:110,2
DA:111,2
DA:112,2
DA:113,2
DA:114,2
DA:115,2
DA:116,2
DA:117,2
DA:118,2
DA:119,2
DA:120,1
DA:121,1
DA:122,1
LF:122
LH:122
BRDA:1,0,0,1
BRDA:6,1,0,1
BRDA:57,2,0,1
BRDA:63,3,0,1
BRDA:74,4,0,1
BRDA:79,5,0,1
BRDA:83,6,0,2
BRDA:84,7,0,0
BRDA:86,8,0,4
BRDA:86,9,0,4
BRF:10
BRH:9
end_of_record
TN:
SF:src/localization/index.js
FN:9,setLang
FN:19,getCurrentLang
FN:29,loadJsonFile
FN:47,getNestedValue
FN:61,t
FNF:5
FNH:5
FNDA:1,setLang
FNDA:8,getCurrentLang
FNDA:6,loadJsonFile
FNDA:3,getNestedValue
FNDA:3,t
DA:1,3
DA:2,3
DA:3,3
DA:4,3
DA:5,3
DA:6,3
DA:7,3
DA:8,3
DA:9,3
DA:10,1
DA:11,1
DA:12,1
DA:13,1
DA:14,3
DA:15,3
DA:16,3
DA:17,3
DA:18,3
DA:19,3
DA:20,8
DA:21,8
DA:22,3
DA:23,3
DA:24,3
DA:25,3
DA:26,3
DA:27,3
DA:28,3
DA:29,3
DA:30,6
DA:31,6
DA:32,5
DA:33,5
DA:34,5
DA:35,6
DA:36,4
DA:37,4
DA:38,4
DA:39,6
DA:40,3
DA:41,3
DA:42,3
DA:43,3
DA:44,3
DA:45,3
DA:46,3
DA:47,3
DA:48,3
DA:49,3
DA:50,5
DA:51,4
DA:52,3
DA:53,3
DA:54,3
DA:55,3
DA:56,3
DA:57,3
DA:58,3
DA:59,3
DA:60,3
DA:61,3
DA:62,3
DA:63,3
DA:64,3
DA:65,3
DA:66,3
DA:67,3
LF:67
LH:67
BRDA:1,0,0,3
BRDA:19,1,0,8
BRDA:9,2,0,3
BRDA:20,3,0,7
BRDA:20,4,0,6
BRDA:29,5,0,8
BRDA:31,6,0,3
BRDA:32,7,0,7
BRDA:35,8,0,3
BRDA:36,9,0,6
BRDA:47,10,0,5
BRDA:48,11,0,2
BRDA:49,12,0,7
BRDA:50,13,0,3
BRDA:51,14,0,6
BRDA:61,15,0,5
BRDA:66,16,0,3
BRF:17
BRH:17
end_of_record
